{"obj": {"type": "AssignString", "path": ["sys", "name"], "value": "xgboost-baseline"}, "version": 1}
{"obj": {"type": "AssignString", "path": ["sys", "description"], "value": ""}, "version": 2}
{"obj": {"type": "AssignString", "path": ["monitoring", "da858bb7", "hostname"], "value": "SS-Y7T96274WR"}, "version": 3}
{"obj": {"type": "AssignString", "path": ["sys", "hostname"], "value": "SS-Y7T96274WR"}, "version": 4}
{"obj": {"type": "AssignString", "path": ["monitoring", "da858bb7", "pid"], "value": "51213"}, "version": 5}
{"obj": {"type": "AssignString", "path": ["monitoring", "da858bb7", "tid"], "value": "8568921600"}, "version": 6}
{"obj": {"type": "AddStrings", "path": ["sys", "tags"], "values": ["default-params", "baseline", "xgboost"]}, "version": 7}
{"obj": {"type": "AssignBool", "path": ["sys", "failed"], "value": false}, "version": 8}
{"obj": {"type": "ClearStringLog", "path": ["monitoring", "da858bb7", "stdout"]}, "version": 9}
{"obj": {"type": "ClearStringLog", "path": ["monitoring", "da858bb7", "stderr"]}, "version": 10}
{"obj": {"type": "AssignString", "path": ["source_code", "entrypoint"], "value": "main.py"}, "version": 11}
{"obj": {"type": "UploadFileSet", "path": ["source_code", "files"], "file_globs": ["/Users/mariusarlauskas/Desktop/Github/Neptune-Example/main.py"], "reset": "False"}, "version": 12}
{"obj": {"type": "UploadFile", "path": ["source_code", "diff"], "ext": "patch", "file_path": null, "tmp_file_name": "source_code_diff-1696884869.092515-2023-10-09_23.54.29.092515.patch", "clean_after_upload": false}, "version": 13}
{"obj": {"type": "ConfigFloatSeries", "path": ["monitoring", "da858bb7", "cpu"], "min": 0.0, "max": 100.0, "unit": "%"}, "version": 14}
{"obj": {"type": "ClearFloatLog", "path": ["monitoring", "da858bb7", "cpu"]}, "version": 15}
{"obj": {"type": "ConfigFloatSeries", "path": ["monitoring", "da858bb7", "memory"], "min": 0.0, "max": 16.0, "unit": "GB"}, "version": 16}
{"obj": {"type": "ClearFloatLog", "path": ["monitoring", "da858bb7", "memory"]}, "version": 17}
{"obj": {"type": "LogFloats", "path": ["monitoring", "da858bb7", "cpu"], "values": [{"value": 29.7, "step": null, "ts": 1696884869.10181}]}, "version": 18}
{"obj": {"type": "LogFloats", "path": ["monitoring", "da858bb7", "memory"], "values": [{"value": 10.976593017578125, "step": null, "ts": 1696884869.10181}]}, "version": 19}
{"obj": {"type": "AssignString", "path": ["hyperparameters", "objective"], "value": "reg:squarederror"}, "version": 20}
{"obj": {"type": "AssignBool", "path": ["hyperparameters", "enable_categorical"], "value": false}, "version": 21}
{"obj": {"type": "AssignFloat", "path": ["hyperparameters", "missing"], "value": NaN}, "version": 22}
{"obj": {"type": "AssignInt", "path": ["hyperparameters", "random_state"], "value": 42}, "version": 23}
{"obj": {"type": "AssignFloat", "path": ["rmse"], "value": 0.7633329321824984}, "version": 24}
{"obj": {"type": "AssignFloat", "path": ["mae"], "value": 0.4864391951006124}, "version": 25}
{"obj": {"type": "AssignFloat", "path": ["r2"], "value": 0.10189428081981688}, "version": 26}
{"obj": {"type": "AssignFloat", "path": ["accuracy"], "value": 0.5608048993875766}, "version": 27}
{"obj": {"type": "UploadFile", "path": ["visuals", "error_analysis"], "ext": "html", "file_path": null, "tmp_file_name": "visuals_error_analysis-1696884869.921275-2023-10-09_23.54.29.921275.html", "clean_after_upload": false}, "version": 28}
{"obj": {"type": "UploadFile", "path": ["visuals", "feature_importance"], "ext": "png", "file_path": null, "tmp_file_name": "visuals_feature_importance-1696884870.020334-2023-10-09_23.54.30.020334.png", "clean_after_upload": false}, "version": 29}
{"obj": {"type": "UploadFile", "path": ["artifacts", "model"], "ext": "pkl", "file_path": null, "tmp_file_name": "artifacts_model-1696884870.022137-2023-10-09_23.54.30.022137.pkl", "clean_after_upload": false}, "version": 30}
{"obj": {"type": "UploadFile", "path": ["code", "experiment_code"], "ext": "py", "file_path": "/Users/mariusarlauskas/Desktop/Github/Neptune-Example/src/experiments/xgboost_baseline.py", "tmp_file_name": null, "clean_after_upload": false}, "version": 31}
{"obj": {"type": "AssignString", "path": ["hyperparameters", "objective"], "value": "reg:squarederror"}, "version": 32}
{"obj": {"type": "AssignBool", "path": ["hyperparameters", "enable_categorical"], "value": false}, "version": 33}
{"obj": {"type": "AssignFloat", "path": ["hyperparameters", "missing"], "value": NaN}, "version": 34}
{"obj": {"type": "AssignInt", "path": ["hyperparameters", "random_state"], "value": 42}, "version": 35}
{"obj": {"type": "LogStrings", "path": ["monitoring", "da858bb7", "stdout"], "values": [{"value": "\n\n\n\n\n\n\n\n\n\n{'objective': 'reg:squarederror', 'base_score': None, 'booster': None, 'callbacks': None, 'colsample_bylevel': None, 'colsample_bynode': None, 'colsample_bytree': None, 'device': None, 'early_stopping_rounds': None, 'enable_categorical': False, 'eval_metric': None, 'feature_types': None, 'gamma': None, 'grow_policy': None, 'importance_type': None, 'interaction_constraints': None, 'learning_rate': None, 'max_bin': None, 'max_cat_threshold': None, 'max_cat_to_onehot': None, 'max_delta_step': None, 'max_depth': None, 'max_leaves': None, 'min_child_weight': None, 'missing': nan, 'monotone_constraints': None, 'multi_strategy': None, 'n_estimators': None, 'n_jobs': None, 'num_parallel_tree': None, 'random_state': 42, 'reg_alpha': None, 'reg_lambda': None, 'sampling_method': None, 'scale_pos_weight': None, 'subsample': None, 'tree_method': None, 'validate_parameters': None, 'verbosity': None}\n\n\n\n\n\n\n\n\n\n", "step": null, "ts": 1696884870.023749}]}, "version": 36}
{"obj": {"type": "LogStrings", "path": ["monitoring", "da858bb7", "stdout"], "values": [{"value": "\n", "step": null, "ts": 1696884870.024003}]}, "version": 37}
{"obj": {"type": "LogStrings", "path": ["monitoring", "da858bb7", "stdout"], "values": [{"value": "Shutting down background jobs, please wait a moment...\n", "step": null, "ts": 1696884870.024117}]}, "version": 38}
